<?xml version="1.0" encoding="UTF-8"?>
<!-- Generated by org.testng.reporters.JUnitXMLReporter -->
<testsuite hostname="DESKTOP-AFM74F7" ignored="0" name="Test" tests="3" failures="1" timestamp="2020-01-30T14:23:51 EST" time="57.219" errors="0">
  <testcase name="CreatenewGroup" time="19.134" classname="tests.CreateGroupTest"/>
  <testcase name="CreatenewGroup" time="0.152" classname="tests.CreateUserTest"/>
  <testcase name="CreateGroupverfyGroup" time="18.396" classname="tests.ValidLoginTest">
    <failure type="java.lang.AssertionError" message="null">
      <![CDATA[java.lang.AssertionError: null
at generics.BasePage.VerifyTitle(BasePage.java:28)
at tests.ValidLoginTest.CreateGroupverfyGroup(ValidLoginTest.java:23)
at java.util.ArrayList.forEach(Unknown Source)
... Removed 29 stack frames]]>
    </failure>
  </testcase> <!-- CreateGroupverfyGroup -->
</testsuite> <!-- Test -->
