<?xml version="1.0" encoding="UTF-8"?>
<testng-results skipped="0" failed="1" ignored="0" total="1" passed="0">
  <reporter-output>
    <line>
      <![CDATA[Title is not matchingDolibarr]]>
    </line>
  </reporter-output>
  <suite name="Default suite" duration-ms="22612" started-at="2020-01-30T14:46:39 EST" finished-at="2020-01-30T14:47:01 EST">
    <groups>
    </groups>
    <test name="Default test" duration-ms="22612" started-at="2020-01-30T14:46:39 EST" finished-at="2020-01-30T14:47:01 EST">
      <class name="tests.ValidLoginTest">
        <test-method status="PASS" signature="precondition()[pri:0, instance:tests.ValidLoginTest@2a17b7b6]" name="precondition" is-config="true" duration-ms="5566" started-at="2020-01-30T14:46:39 EST" finished-at="2020-01-30T14:46:44 EST">
          <reporter-output>
          </reporter-output>
        </test-method> <!-- precondition -->
        <test-method status="FAIL" signature="CreateGroupverfyGroup()[pri:0, instance:tests.ValidLoginTest@2a17b7b6]" name="CreateGroupverfyGroup" duration-ms="16346" started-at="2020-01-30T14:46:44 EST" finished-at="2020-01-30T14:47:01 EST">
          <exception class="java.lang.AssertionError">
            <message>
              <![CDATA[null]]>
            </message>
            <full-stacktrace>
              <![CDATA[java.lang.AssertionError: null
at org.testng.Assert.fail(Assert.java:97)
at org.testng.Assert.fail(Assert.java:102)
at generics.BasePage.VerifyTitle(BasePage.java:28)
at tests.ValidLoginTest.CreateGroupverfyGroup(ValidLoginTest.java:23)
at sun.reflect.NativeMethodAccessorImpl.invoke0(Native Method)
at sun.reflect.NativeMethodAccessorImpl.invoke(Unknown Source)
at sun.reflect.DelegatingMethodAccessorImpl.invoke(Unknown Source)
at java.lang.reflect.Method.invoke(Unknown Source)
at org.testng.internal.MethodInvocationHelper.invokeMethod(MethodInvocationHelper.java:134)
at org.testng.internal.TestInvoker.invokeMethod(TestInvoker.java:597)
at org.testng.internal.TestInvoker.invokeTestMethod(TestInvoker.java:173)
at org.testng.internal.MethodRunner.runInSequence(MethodRunner.java:46)
at org.testng.internal.TestInvoker$MethodInvocationAgent.invoke(TestInvoker.java:816)
at org.testng.internal.TestInvoker.invokeTestMethods(TestInvoker.java:146)
at org.testng.internal.TestMethodWorker.invokeTestMethods(TestMethodWorker.java:146)
at org.testng.internal.TestMethodWorker.run(TestMethodWorker.java:128)
at java.util.ArrayList.forEach(Unknown Source)
at org.testng.TestRunner.privateRun(TestRunner.java:766)
at org.testng.TestRunner.run(TestRunner.java:587)
at org.testng.SuiteRunner.runTest(SuiteRunner.java:384)
at org.testng.SuiteRunner.runSequentially(SuiteRunner.java:378)
at org.testng.SuiteRunner.privateRun(SuiteRunner.java:337)
at org.testng.SuiteRunner.run(SuiteRunner.java:286)
at org.testng.SuiteRunnerWorker.runSuite(SuiteRunnerWorker.java:53)
at org.testng.SuiteRunnerWorker.run(SuiteRunnerWorker.java:96)
at org.testng.TestNG.runSuitesSequentially(TestNG.java:1187)
at org.testng.TestNG.runSuitesLocally(TestNG.java:1109)
at org.testng.TestNG.runSuites(TestNG.java:1039)
at org.testng.TestNG.run(TestNG.java:1007)
at org.testng.remote.AbstractRemoteTestNG.run(AbstractRemoteTestNG.java:115)
at org.testng.remote.RemoteTestNG.initAndRun(RemoteTestNG.java:251)
at org.testng.remote.RemoteTestNG.main(RemoteTestNG.java:77)
]]>
            </full-stacktrace>
          </exception> <!-- java.lang.AssertionError -->
          <reporter-output>
            <line>
              <![CDATA[Title is not matchingDolibarr]]>
            </line>
          </reporter-output>
        </test-method> <!-- CreateGroupverfyGroup -->
        <test-method status="PASS" signature="postcondition(org.testng.ITestResult)[pri:0, instance:tests.ValidLoginTest@2a17b7b6]" name="postcondition" is-config="true" duration-ms="640" started-at="2020-01-30T14:47:01 EST" finished-at="2020-01-30T14:47:01 EST">
          <params>
            <param index="0">
              <value>
                <![CDATA[[TestResult name=CreateGroupverfyGroup status=FAILURE method=ValidLoginTest.CreateGroupverfyGroup()[pri:0, instance:tests.ValidLoginTest@2a17b7b6] output=Title is not matchingDolibarr]]]>
              </value>
            </param>
          </params>
          <reporter-output>
          </reporter-output>
        </test-method> <!-- postcondition -->
      </class> <!-- tests.ValidLoginTest -->
    </test> <!-- Default test -->
  </suite> <!-- Default suite -->
</testng-results>
